1656081122105	geckodriver	INFO	Listening on 127.0.0.1:58103
1656081122111	mozrunner::runner	INFO	Running command: "/usr/bin/firefox" "--marionette" "--remote-debugging-port" "54955" "-no-remote" "-profile" "/tmp/rust_mozprofilebVEMzO"
ATTENTION: default value of option mesa_glthread overridden by environment.
ATTENTION: default value of option mesa_glthread overridden by environment.
ATTENTION: default value of option mesa_glthread overridden by environment.
ATTENTION: default value of option mesa_glthread overridden by environment.
1656081123211	Marionette	INFO	Marionette enabled
WebDriver BiDi listening on ws://localhost:54955
console.warn: SearchSettings: "get: No settings file exists, new profile?" (new NotFoundError("Could not open the file at /tmp/rust_mozprofilebVEMzO/search.json.mozlz4", (void 0)))
Missing chrome or resource URL: resource://gre/modules/UpdateListener.jsm
1656081124851	Marionette	INFO	Listening on port 40685
DevTools listening on ws://localhost:54955/devtools/browser/0b13de79-8230-4c94-a1ef-885888fea3f2
1656081124934	RemoteAgent	WARN	TLS certificate errors will be ignored for this session
JavaScript warning: https://pagead2.googlesyndication.com/bg/soJQjVMEWz-AW2aX2cEGIVeY-mqDblLvtbtmS3KyNC4.js line 2 > eval line 3658 > eval line 1 > eval line 1 > eval, line 1: WEBGL_debug_renderer_info is deprecated in Firefox and will be removed. Please use RENDERER.
JavaScript warning: https://pagead2.googlesyndication.com/bg/soJQjVMEWz-AW2aX2cEGIVeY-mqDblLvtbtmS3KyNC4.js line 2 > eval line 4033 > eval line 1 > eval line 1 > eval, line 1: WEBGL_debug_renderer_info is deprecated in Firefox and will be removed. Please use RENDERER.
JavaScript warning: https://pagead2.googlesyndication.com/bg/soJQjVMEWz-AW2aX2cEGIVeY-mqDblLvtbtmS3KyNC4.js line 2 > eval line 3753 > eval line 1 > eval line 1 > eval, line 1: WEBGL_debug_renderer_info is deprecated in Firefox and will be removed. Please use RENDERER.
JavaScript warning: https://pagead2.googlesyndication.com/bg/soJQjVMEWz-AW2aX2cEGIVeY-mqDblLvtbtmS3KyNC4.js line 2 > eval line 4747 > eval line 1 > eval line 1 > eval, line 1: WEBGL_debug_renderer_info is deprecated in Firefox and will be removed. Please use RENDERER.
JavaScript warning: https://pagead2.googlesyndication.com/bg/soJQjVMEWz-AW2aX2cEGIVeY-mqDblLvtbtmS3KyNC4.js line 2 > eval line 4330 > eval line 1 > eval line 1 > eval, line 1: WEBGL_debug_renderer_info is deprecated in Firefox and will be removed. Please use RENDERER.
JavaScript warning: https://pagead2.googlesyndication.com/bg/soJQjVMEWz-AW2aX2cEGIVeY-mqDblLvtbtmS3KyNC4.js line 2 > eval line 2980 > eval line 1 > eval line 1 > eval, line 1: WEBGL_debug_renderer_info is deprecated in Firefox and will be removed. Please use RENDERER.
JavaScript error: , line 0: uncaught exception: 7
JavaScript error: , line 0: uncaught exception: 7
JavaScript warning: https://pagead2.googlesyndication.com/bg/soJQjVMEWz-AW2aX2cEGIVeY-mqDblLvtbtmS3KyNC4.js line 2 > eval line 1374 > eval line 1 > eval line 1 > eval, line 1: WEBGL_debug_renderer_info is deprecated in Firefox and will be removed. Please use RENDERER.
JavaScript warning: https://pagead2.googlesyndication.com/bg/soJQjVMEWz-AW2aX2cEGIVeY-mqDblLvtbtmS3KyNC4.js line 2 > eval line 574 > eval line 1 > eval line 1 > eval, line 1: WEBGL_debug_renderer_info is deprecated in Firefox and will be removed. Please use RENDERER.
JavaScript warning: https://pagead2.googlesyndication.com/bg/soJQjVMEWz-AW2aX2cEGIVeY-mqDblLvtbtmS3KyNC4.js line 2 > eval line 5316 > eval line 1 > eval line 1 > eval, line 1: WEBGL_debug_renderer_info is deprecated in Firefox and will be removed. Please use RENDERER.
JavaScript warning: https://pagead2.googlesyndication.com/bg/soJQjVMEWz-AW2aX2cEGIVeY-mqDblLvtbtmS3KyNC4.js line 2 > eval line 7138 > eval line 1 > eval line 1 > eval, line 1: WEBGL_debug_renderer_info is deprecated in Firefox and will be removed. Please use RENDERER.
JavaScript warning: https://pagead2.googlesyndication.com/bg/soJQjVMEWz-AW2aX2cEGIVeY-mqDblLvtbtmS3KyNC4.js line 2 > eval line 137 > eval line 1 > eval line 1 > eval, line 1: WEBGL_debug_renderer_info is deprecated in Firefox and will be removed. Please use RENDERER.
JavaScript error: , line 0: TypeError: NetworkError when attempting to fetch resource.
JavaScript warning: https://pagead2.googlesyndication.com/bg/soJQjVMEWz-AW2aX2cEGIVeY-mqDblLvtbtmS3KyNC4.js line 2 > eval line 945 > eval line 1 > eval line 1 > eval, line 1: WEBGL_debug_renderer_info is deprecated in Firefox and will be removed. Please use RENDERER.
1656081338739	geckodriver	INFO	Listening on 127.0.0.1:57285
1656081338745	mozrunner::runner	INFO	Running command: "/usr/bin/firefox" "--marionette" "--remote-debugging-port" "51247" "-no-remote" "-profile" "/tmp/rust_mozprofilegzRotM"
JavaScript error: , line 0: TypeError: NetworkError when attempting to fetch resource.
JavaScript warning: https://pagead2.googlesyndication.com/bg/soJQjVMEWz-AW2aX2cEGIVeY-mqDblLvtbtmS3KyNC4.js line 2 > eval line 6475 > eval line 1 > eval line 1 > eval, line 1: WEBGL_debug_renderer_info is deprecated in Firefox and will be removed. Please use RENDERER.
ATTENTION: default value of option mesa_glthread overridden by environment.
ATTENTION: default value of option mesa_glthread overridden by environment.
ATTENTION: default value of option mesa_glthread overridden by environment.
ATTENTION: default value of option mesa_glthread overridden by environment.
1656081339950	Marionette	INFO	Marionette enabled
WebDriver BiDi listening on ws://localhost:51247
console.warn: SearchSettings: "get: No settings file exists, new profile?" (new NotFoundError("Could not open the file at /tmp/rust_mozprofilegzRotM/search.json.mozlz4", (void 0)))
Missing chrome or resource URL: resource://gre/modules/UpdateListener.jsm
1656081341941	Marionette	INFO	Listening on port 37511
1656081341979	RemoteAgent	WARN	TLS certificate errors will be ignored for this session
DevTools listening on ws://localhost:51247/devtools/browser/59baf707-af28-4520-91af-81a5973f44f2
Missing chrome or resource URL: resource://gre/modules/UpdateListener.jsm
console.error: "Error during quit-application-granted: [Exception... \"File error: Not found\"  nsresult: \"0x80520012 (NS_ERROR_FILE_NOT_FOUND)\"  location: \"JS frame :: resource:///modules/BrowserGlue.jsm :: _onQuitApplicationGranted/tasks< :: line 1969\"  data: no]"
1656081354639	Marionette	INFO	Stopped listening on port 37511
console.warn: TopSitesFeed: Failed to fetch data from Contile server: NetworkError when attempting to fetch resource.

###!!! [Parent][PImageBridgeParent] Error: RunMessage(msgname=PImageBridge::Msg_WillClose) Channel closing: too late to send/recv, messages will be lost

Sandbox: Unexpected EOF, op 0 flags 00 path /proc/cpuinfo
JavaScript error: https://www.pythonfixing.com/2021/12/fixed-attributeerror-module-has-no.html, line 2020: SyntaxError: expected expression, got ','
JavaScript error: https://www.pythonfixing.com/2021/12/fixed-attributeerror-module-has-no.html, line 2032: ReferenceError: relatedPostConfig is not defined
[Child 28134, MediaDecoderStateMachine #1] WARNING: Decoder=7f167603fd00 state=DECODING_METADATA Decode metadata failed, shutting down decoder: file /build/firefox-bkA4Jn/firefox-101.0.1+build1/dom/media/MediaDecoderStateMachine.cpp:370
[Child 28134, MediaDecoderStateMachine #1] WARNING: Decoder=7f167603fd00 Decode error: NS_ERROR_DOM_MEDIA_METADATA_ERR (0x806e0006): file /build/firefox-bkA4Jn/firefox-101.0.1+build1/dom/media/MediaDecoderStateMachine.cpp:3587
[Child 28134, MediaDecoderStateMachine #1] WARNING: Decoder=7f167603f700 state=DECODING_METADATA Decode metadata failed, shutting down decoder: file /build/firefox-bkA4Jn/firefox-101.0.1+build1/dom/media/MediaDecoderStateMachine.cpp:370
[Child 28134, MediaDecoderStateMachine #1] WARNING: Decoder=7f167603f700 Decode error: NS_ERROR_DOM_MEDIA_METADATA_ERR (0x806e0006): file /build/firefox-bkA4Jn/firefox-101.0.1+build1/dom/media/MediaDecoderStateMachine.cpp:3587
JavaScript warning: https://pagead2.googlesyndication.com/bg/soJQjVMEWz-AW2aX2cEGIVeY-mqDblLvtbtmS3KyNC4.js line 2 > eval line 3330 > eval line 1 > eval line 1 > eval, line 1: WEBGL_debug_renderer_info is deprecated in Firefox and will be removed. Please use RENDERER.
JavaScript warning: https://pagead2.googlesyndication.com/bg/soJQjVMEWz-AW2aX2cEGIVeY-mqDblLvtbtmS3KyNC4.js line 2 > eval line 5625 > eval line 1 > eval line 1 > eval, line 1: WEBGL_debug_renderer_info is deprecated in Firefox and will be removed. Please use RENDERER.
JavaScript warning: https://pagead2.googlesyndication.com/bg/soJQjVMEWz-AW2aX2cEGIVeY-mqDblLvtbtmS3KyNC4.js line 2 > eval line 452 > eval line 1 > eval line 1 > eval, line 1: WEBGL_debug_renderer_info is deprecated in Firefox and will be removed. Please use RENDERER.
JavaScript warning: https://pagead2.googlesyndication.com/bg/soJQjVMEWz-AW2aX2cEGIVeY-mqDblLvtbtmS3KyNC4.js line 2 > eval line 5472 > eval line 1 > eval line 1 > eval, line 1: WEBGL_debug_renderer_info is deprecated in Firefox and will be removed. Please use RENDERER.
JavaScript warning: https://pagead2.googlesyndication.com/bg/soJQjVMEWz-AW2aX2cEGIVeY-mqDblLvtbtmS3KyNC4.js line 2 > eval line 1344 > eval line 1 > eval line 1 > eval, line 1: WEBGL_debug_renderer_info is deprecated in Firefox and will be removed. Please use RENDERER.
JavaScript warning: https://pagead2.googlesyndication.com/bg/soJQjVMEWz-AW2aX2cEGIVeY-mqDblLvtbtmS3KyNC4.js line 2 > eval line 5335 > eval line 1 > eval line 1 > eval, line 1: WEBGL_debug_renderer_info is deprecated in Firefox and will be removed. Please use RENDERER.
JavaScript warning: https://pagead2.googlesyndication.com/bg/soJQjVMEWz-AW2aX2cEGIVeY-mqDblLvtbtmS3KyNC4.js line 2 > eval line 5059 > eval line 1 > eval line 1 > eval, line 1: WEBGL_debug_renderer_info is deprecated in Firefox and will be removed. Please use RENDERER.
JavaScript warning: https://pagead2.googlesyndication.com/bg/soJQjVMEWz-AW2aX2cEGIVeY-mqDblLvtbtmS3KyNC4.js line 2 > eval line 2202 > eval line 1 > eval line 1 > eval, line 1: WEBGL_debug_renderer_info is deprecated in Firefox and will be removed. Please use RENDERER.
JavaScript warning: https://pagead2.googlesyndication.com/bg/soJQjVMEWz-AW2aX2cEGIVeY-mqDblLvtbtmS3KyNC4.js line 2 > eval line 4633 > eval line 1 > eval line 1 > eval, line 1: WEBGL_debug_renderer_info is deprecated in Firefox and will be removed. Please use RENDERER.
1656081440212	geckodriver	INFO	Listening on 127.0.0.1:58485
1656081440218	mozrunner::runner	INFO	Running command: "/usr/bin/firefox" "--marionette" "--remote-debugging-port" "58867" "-no-remote" "-profile" "/tmp/rust_mozprofilesGvAgG"
ATTENTION: default value of option mesa_glthread overridden by environment.
ATTENTION: default value of option mesa_glthread overridden by environment.
ATTENTION: default value of option mesa_glthread overridden by environment.
ATTENTION: default value of option mesa_glthread overridden by environment.
1656081441347	Marionette	INFO	Marionette enabled
WebDriver BiDi listening on ws://localhost:58867
console.warn: SearchSettings: "get: No settings file exists, new profile?" (new NotFoundError("Could not open the file at /tmp/rust_mozprofilesGvAgG/search.json.mozlz4", (void 0)))
Missing chrome or resource URL: resource://gre/modules/UpdateListener.jsm
1656081442965	Marionette	INFO	Listening on port 38075
DevTools listening on ws://localhost:58867/devtools/browser/d5a796d0-4a77-4d54-a071-d8faa2184a0d
1656081443042	RemoteAgent	WARN	TLS certificate errors will be ignored for this session
JavaScript error: resource://gre/modules/AsyncShutdown.jsm, line 575: NotFoundError: No such JSWindowActor 'DevToolsFrame'
Missing chrome or resource URL: resource://gre/modules/UpdateListener.jsm
console.error: "Error during quit-application-granted: [Exception... \"File error: Not found\"  nsresult: \"0x80520012 (NS_ERROR_FILE_NOT_FOUND)\"  location: \"JS frame :: resource:///modules/BrowserGlue.jsm :: _onQuitApplicationGranted/tasks< :: line 1969\"  data: no]"
1656081446911	Marionette	INFO	Stopped listening on port 40685
JavaScript error: , line 0: TypeError: NetworkError when attempting to fetch resource.
JavaScript error: , line 0: TypeError: NetworkError when attempting to fetch resource.
JavaScript error: , line 0: TypeError: NetworkError when attempting to fetch resource.
JavaScript error: , line 0: TypeError: NetworkError when attempting to fetch resource.
JavaScript error: , line 0: TypeError: NetworkError when attempting to fetch resource.

###!!! [Parent][PImageBridgeParent] Error: RunMessage(msgname=PImageBridge::Msg_WillClose) Channel closing: too late to send/recv, messages will be lost

1656081579626	geckodriver	INFO	Listening on 127.0.0.1:45797
1656081579632	mozrunner::runner	INFO	Running command: "/usr/bin/firefox" "--marionette" "--remote-debugging-port" "34979" "-no-remote" "-profile" "/tmp/rust_mozprofiledBNwtU"
ATTENTION: default value of option mesa_glthread overridden by environment.
ATTENTION: default value of option mesa_glthread overridden by environment.
ATTENTION: default value of option mesa_glthread overridden by environment.
ATTENTION: default value of option mesa_glthread overridden by environment.
1656081580743	Marionette	INFO	Marionette enabled
WebDriver BiDi listening on ws://localhost:34979
console.warn: SearchSettings: "get: No settings file exists, new profile?" (new NotFoundError("Could not open the file at /tmp/rust_mozprofiledBNwtU/search.json.mozlz4", (void 0)))
Missing chrome or resource URL: resource://gre/modules/UpdateListener.jsm
1656081582554	Marionette	INFO	Listening on port 43523
DevTools listening on ws://localhost:34979/devtools/browser/e583fedc-d1aa-4b3d-8e81-094d3d0f623f
1656081582656	RemoteAgent	WARN	TLS certificate errors will be ignored for this session
Missing chrome or resource URL: resource://gre/modules/UpdateListener.jsm
console.error: "Error during quit-application-granted: [Exception... \"File error: Not found\"  nsresult: \"0x80520012 (NS_ERROR_FILE_NOT_FOUND)\"  location: \"JS frame :: resource:///modules/BrowserGlue.jsm :: _onQuitApplicationGranted/tasks< :: line 1969\"  data: no]"
1656081626512	Marionette	INFO	Stopped listening on port 43523
console.warn: TopSitesFeed: Failed to fetch data from Contile server: NetworkError when attempting to fetch resource.

###!!! [Parent][PImageBridgeParent] Error: RunMessage(msgname=PImageBridge::Msg_WillClose) Channel closing: too late to send/recv, messages will be lost

Sandbox: Unexpected EOF, op 0 flags 00 path /proc/cpuinfo
Missing chrome or resource URL: resource://gre/modules/UpdateListener.jsm
console.error: "Error during quit-application-granted: [Exception... \"File error: Not found\"  nsresult: \"0x80520012 (NS_ERROR_FILE_NOT_FOUND)\"  location: \"JS frame :: resource:///modules/BrowserGlue.jsm :: _onQuitApplicationGranted/tasks< :: line 1969\"  data: no]"
1656081628653	Marionette	INFO	Stopped listening on port 38075
console.warn: TopSitesFeed: Failed to fetch data from Contile server: NetworkError when attempting to fetch resource.

###!!! [Parent][PImageBridgeParent] Error: RunMessage(msgname=PImageBridge::Msg_WillClose) Channel closing: too late to send/recv, messages will be lost

1656081637130	geckodriver	INFO	Listening on 127.0.0.1:43239
1656081637136	mozrunner::runner	INFO	Running command: "/usr/bin/firefox" "--marionette" "--remote-debugging-port" "35185" "-no-remote" "-profile" "/tmp/rust_mozprofileaIrqm0"
ATTENTION: default value of option mesa_glthread overridden by environment.
ATTENTION: default value of option mesa_glthread overridden by environment.
ATTENTION: default value of option mesa_glthread overridden by environment.
ATTENTION: default value of option mesa_glthread overridden by environment.
1656081638244	Marionette	INFO	Marionette enabled
WebDriver BiDi listening on ws://localhost:35185
console.warn: SearchSettings: "get: No settings file exists, new profile?" (new NotFoundError("Could not open the file at /tmp/rust_mozprofileaIrqm0/search.json.mozlz4", (void 0)))
Missing chrome or resource URL: resource://gre/modules/UpdateListener.jsm
1656081639945	Marionette	INFO	Listening on port 39123
DevTools listening on ws://localhost:35185/devtools/browser/c8ef6f72-5d14-4ea7-b9f1-fdb7c8e2252b
1656081640076	RemoteAgent	WARN	TLS certificate errors will be ignored for this session
1656081666578	geckodriver	INFO	Listening on 127.0.0.1:38435
1656081666584	mozrunner::runner	INFO	Running command: "/usr/bin/firefox" "--marionette" "--remote-debugging-port" "44835" "-no-remote" "-profile" "/tmp/rust_mozprofileOqUDEZ"
ATTENTION: default value of option mesa_glthread overridden by environment.
ATTENTION: default value of option mesa_glthread overridden by environment.
ATTENTION: default value of option mesa_glthread overridden by environment.
ATTENTION: default value of option mesa_glthread overridden by environment.
1656081667687	Marionette	INFO	Marionette enabled
WebDriver BiDi listening on ws://localhost:44835
console.warn: SearchSettings: "get: No settings file exists, new profile?" (new NotFoundError("Could not open the file at /tmp/rust_mozprofileOqUDEZ/search.json.mozlz4", (void 0)))
Missing chrome or resource URL: resource://gre/modules/UpdateListener.jsm
1656081669343	Marionette	INFO	Listening on port 46615
DevTools listening on ws://localhost:44835/devtools/browser/373f1633-74ea-4afc-b80c-5d636ff66dd8
1656081669406	RemoteAgent	WARN	TLS certificate errors will be ignored for this session
Missing chrome or resource URL: resource://gre/modules/UpdateListener.jsm
console.error: "Error during quit-application-granted: [Exception... \"File error: Not found\"  nsresult: \"0x80520012 (NS_ERROR_FILE_NOT_FOUND)\"  location: \"JS frame :: resource:///modules/BrowserGlue.jsm :: _onQuitApplicationGranted/tasks< :: line 1969\"  data: no]"
1656081669574	Marionette	INFO	Stopped listening on port 39123
console.warn: TopSitesFeed: Failed to fetch data from Contile server: NetworkError when attempting to fetch resource.

###!!! [Parent][PImageBridgeParent] Error: RunMessage(msgname=PImageBridge::Msg_WillClose) Channel closing: too late to send/recv, messages will be lost

Missing chrome or resource URL: resource://gre/modules/UpdateListener.jsm
console.error: "Error during quit-application-granted: [Exception... \"File error: Not found\"  nsresult: \"0x80520012 (NS_ERROR_FILE_NOT_FOUND)\"  location: \"JS frame :: resource:///modules/BrowserGlue.jsm :: _onQuitApplicationGranted/tasks< :: line 1969\"  data: no]"
1656081688323	Marionette	INFO	Stopped listening on port 46615
console.warn: TopSitesFeed: Failed to fetch data from Contile server: NetworkError when attempting to fetch resource.
Sandbox: Unexpected EOF, op 0 flags 00 path /proc/cpuinfo
1656081690264	geckodriver	INFO	Listening on 127.0.0.1:34257
1656081690270	mozrunner::runner	INFO	Running command: "/usr/bin/firefox" "--marionette" "--remote-debugging-port" "36579" "-no-remote" "-profile" "/tmp/rust_mozprofilelxQQZL"
ATTENTION: default value of option mesa_glthread overridden by environment.
ATTENTION: default value of option mesa_glthread overridden by environment.
ATTENTION: default value of option mesa_glthread overridden by environment.
ATTENTION: default value of option mesa_glthread overridden by environment.
1656081691410	Marionette	INFO	Marionette enabled
WebDriver BiDi listening on ws://localhost:36579
console.warn: SearchSettings: "get: No settings file exists, new profile?" (new NotFoundError("Could not open the file at /tmp/rust_mozprofilelxQQZL/search.json.mozlz4", (void 0)))
Missing chrome or resource URL: resource://gre/modules/UpdateListener.jsm
1656081693003	Marionette	INFO	Listening on port 41409
DevTools listening on ws://localhost:36579/devtools/browser/05007ed2-a2be-4219-8537-cf6e490c7188
1656081693126	RemoteAgent	WARN	TLS certificate errors will be ignored for this session
console.warn: LoginRecipes: "getRecipes: falling back to a synchronous message for:" "https://asp-ayoub-h.azurewebsites.net"
console.warn: LoginRecipes: "getRecipes: falling back to a synchronous message for:" "https://asp-ayoub-h.azurewebsites.net"
JavaScript error: resource://gre/modules/LoginManagerParent.jsm, line 136: TypeError: gRecipeManager is null
Missing chrome or resource URL: resource://gre/modules/UpdateListener.jsm
console.error: "Error during quit-application-granted: [Exception... \"File error: Not found\"  nsresult: \"0x80520012 (NS_ERROR_FILE_NOT_FOUND)\"  location: \"JS frame :: resource:///modules/BrowserGlue.jsm :: _onQuitApplicationGranted/tasks< :: line 1969\"  data: no]"
1656081968597	Marionette	INFO	Stopped listening on port 41409
console.warn: TopSitesFeed: Failed to fetch data from Contile server: NetworkError when attempting to fetch resource.
1656591631769	geckodriver	INFO	Listening on 127.0.0.1:41339
1656591632216	mozrunner::runner	INFO	Running command: "/usr/bin/firefox" "--marionette" "--remote-debugging-port" "36521" "-no-remote" "-profile" "/tmp/rust_mozprofilej364X7"
ATTENTION: default value of option mesa_glthread overridden by environment.
ATTENTION: default value of option mesa_glthread overridden by environment.
ATTENTION: default value of option mesa_glthread overridden by environment.
ATTENTION: default value of option mesa_glthread overridden by environment.
1656591638606	Marionette	INFO	Marionette enabled
WebDriver BiDi listening on ws://localhost:36521
console.warn: SearchSettings: "get: No settings file exists, new profile?" (new NotFoundError("Could not open the file at /tmp/rust_mozprofilej364X7/search.json.mozlz4", (void 0)))
Missing chrome or resource URL: resource://gre/modules/UpdateListener.jsm
1656591641962	Marionette	INFO	Listening on port 45549
DevTools listening on ws://localhost:36521/devtools/browser/509b7218-e5f1-46a2-b245-c1c8d8ded49a
1656591642109	RemoteAgent	WARN	TLS certificate errors will be ignored for this session
console.warn: LoginRecipes: "getRecipes: falling back to a synchronous message for:" "https://asp-ayoub-h.azurewebsites.net"
console.warn: LoginRecipes: "getRecipes: falling back to a synchronous message for:" "https://asp-ayoub-h.azurewebsites.net"
JavaScript error: resource://gre/modules/LoginManagerParent.jsm, line 136: TypeError: gRecipeManager is null
1656591748516	geckodriver	INFO	Listening on 127.0.0.1:55283
1656591748521	mozrunner::runner	INFO	Running command: "/usr/bin/firefox" "--marionette" "--remote-debugging-port" "51155" "-no-remote" "-profile" "/tmp/rust_mozprofileEBLgfI"
ATTENTION: default value of option mesa_glthread overridden by environment.
ATTENTION: default value of option mesa_glthread overridden by environment.
ATTENTION: default value of option mesa_glthread overridden by environment.
ATTENTION: default value of option mesa_glthread overridden by environment.
1656591749630	Marionette	INFO	Marionette enabled
WebDriver BiDi listening on ws://localhost:51155
console.warn: SearchSettings: "get: No settings file exists, new profile?" (new NotFoundError("Could not open the file at /tmp/rust_mozprofileEBLgfI/search.json.mozlz4", (void 0)))
Missing chrome or resource URL: resource://gre/modules/UpdateListener.jsm
1656591751275	Marionette	INFO	Listening on port 36983
DevTools listening on ws://localhost:51155/devtools/browser/2a8c7516-bef1-44eb-903f-d72828efb850
1656591751344	RemoteAgent	WARN	TLS certificate errors will be ignored for this session
console.warn: LoginRecipes: "getRecipes: falling back to a synchronous message for:" "https://asp-ayoub-h.azurewebsites.net"
console.warn: LoginRecipes: "getRecipes: falling back to a synchronous message for:" "https://asp-ayoub-h.azurewebsites.net"
JavaScript error: resource://gre/modules/LoginManagerParent.jsm, line 136: TypeError: gRecipeManager is null
Missing chrome or resource URL: resource://gre/modules/UpdateListener.jsm
console.error: "Error during quit-application-granted: [Exception... \"File error: Not found\"  nsresult: \"0x80520012 (NS_ERROR_FILE_NOT_FOUND)\"  location: \"JS frame :: resource:///modules/BrowserGlue.jsm :: _onQuitApplicationGranted/tasks< :: line 1969\"  data: no]"
1656591758780	Marionette	INFO	Stopped listening on port 36983
console.warn: TopSitesFeed: Failed to fetch data from Contile server: NetworkError when attempting to fetch resource.
1656591936733	geckodriver	INFO	Listening on 127.0.0.1:41375
1656591936739	mozrunner::runner	INFO	Running command: "/usr/bin/firefox" "--marionette" "--remote-debugging-port" "44709" "-no-remote" "-profile" "/tmp/rust_mozprofileHqLq58"
ATTENTION: default value of option mesa_glthread overridden by environment.
ATTENTION: default value of option mesa_glthread overridden by environment.
ATTENTION: default value of option mesa_glthread overridden by environment.
ATTENTION: default value of option mesa_glthread overridden by environment.
1656591937794	Marionette	INFO	Marionette enabled
WebDriver BiDi listening on ws://localhost:44709
console.warn: SearchSettings: "get: No settings file exists, new profile?" (new NotFoundError("Could not open the file at /tmp/rust_mozprofileHqLq58/search.json.mozlz4", (void 0)))
Missing chrome or resource URL: resource://gre/modules/UpdateListener.jsm
1656591939389	Marionette	INFO	Listening on port 33075
DevTools listening on ws://localhost:44709/devtools/browser/aee26087-23b2-4795-8d6e-2e68ade85c43
1656591939462	RemoteAgent	WARN	TLS certificate errors will be ignored for this session
console.warn: LoginRecipes: "getRecipes: falling back to a synchronous message for:" "https://asp-ayoub-h.azurewebsites.net"
console.warn: LoginRecipes: "getRecipes: falling back to a synchronous message for:" "https://asp-ayoub-h.azurewebsites.net"
JavaScript error: resource://gre/modules/LoginManagerParent.jsm, line 136: TypeError: gRecipeManager is null
Missing chrome or resource URL: resource://gre/modules/UpdateListener.jsm
console.error: "Error during quit-application-granted: [Exception... \"File error: Not found\"  nsresult: \"0x80520012 (NS_ERROR_FILE_NOT_FOUND)\"  location: \"JS frame :: resource:///modules/BrowserGlue.jsm :: _onQuitApplicationGranted/tasks< :: line 1969\"  data: no]"
1656591949748	Marionette	INFO	Stopped listening on port 33075
console.warn: TopSitesFeed: Failed to fetch data from Contile server: NetworkError when attempting to fetch resource.

###!!! [Parent][PImageBridgeParent] Error: RunMessage(msgname=PImageBridge::Msg_WillClose) Channel closing: too late to send/recv, messages will be lost

Sandbox: Unexpected EOF, op 0 flags 00 path /proc/cpuinfo
1656591979758	geckodriver	INFO	Listening on 127.0.0.1:35949
1656591979978	mozrunner::runner	INFO	Running command: "/usr/bin/firefox" "--marionette" "--remote-debugging-port" "39527" "-no-remote" "-profile" "/tmp/rust_mozprofile0d6Nq4"
ATTENTION: default value of option mesa_glthread overridden by environment.
ATTENTION: default value of option mesa_glthread overridden by environment.
ATTENTION: default value of option mesa_glthread overridden by environment.
ATTENTION: default value of option mesa_glthread overridden by environment.
1656591981089	Marionette	INFO	Marionette enabled
WebDriver BiDi listening on ws://localhost:39527
console.warn: SearchSettings: "get: No settings file exists, new profile?" (new NotFoundError("Could not open the file at /tmp/rust_mozprofile0d6Nq4/search.json.mozlz4", (void 0)))
Missing chrome or resource URL: resource://gre/modules/UpdateListener.jsm
1656591982695	Marionette	INFO	Listening on port 33019
DevTools listening on ws://localhost:39527/devtools/browser/14c8d369-3c3f-432c-ba84-590e29c5b3cc
1656591982843	RemoteAgent	WARN	TLS certificate errors will be ignored for this session
console.warn: LoginRecipes: "getRecipes: falling back to a synchronous message for:" "https://asp-ayoub-h.azurewebsites.net"
console.warn: LoginRecipes: "getRecipes: falling back to a synchronous message for:" "https://asp-ayoub-h.azurewebsites.net"
JavaScript error: resource://gre/modules/LoginManagerParent.jsm, line 136: TypeError: gRecipeManager is null
1656591987418	Marionette	INFO	Stopped listening on port 33019
Missing chrome or resource URL: resource://gre/modules/UpdateListener.jsm
console.error: "Error during quit-application-granted: [Exception... \"File error: Not found\"  nsresult: \"0x80520012 (NS_ERROR_FILE_NOT_FOUND)\"  location: \"JS frame :: resource:///modules/BrowserGlue.jsm :: _onQuitApplicationGranted/tasks< :: line 1969\"  data: no]"

###!!! [Parent][PImageBridgeParent] Error: RunMessage(msgname=PImageBridge::Msg_WillClose) Channel closing: too late to send/recv, messages will be lost

1656592065024	geckodriver	INFO	Listening on 127.0.0.1:42211
1656592065033	mozrunner::runner	INFO	Running command: "/usr/bin/firefox" "--marionette" "--remote-debugging-port" "56331" "-no-remote" "-profile" "/tmp/rust_mozprofileuZBxDh"
ATTENTION: default value of option mesa_glthread overridden by environment.
ATTENTION: default value of option mesa_glthread overridden by environment.
ATTENTION: default value of option mesa_glthread overridden by environment.
ATTENTION: default value of option mesa_glthread overridden by environment.
1656592066126	Marionette	INFO	Marionette enabled
WebDriver BiDi listening on ws://localhost:56331
console.warn: SearchSettings: "get: No settings file exists, new profile?" (new NotFoundError("Could not open the file at /tmp/rust_mozprofileuZBxDh/search.json.mozlz4", (void 0)))
Missing chrome or resource URL: resource://gre/modules/UpdateListener.jsm
1656592067793	Marionette	INFO	Listening on port 43489
1656592067876	RemoteAgent	WARN	TLS certificate errors will be ignored for this session
DevTools listening on ws://localhost:56331/devtools/browser/4a6e368c-16c1-4509-90be-4e4ac94d4d7e
console.warn: LoginRecipes: "getRecipes: falling back to a synchronous message for:" "https://asp-ayoub-h.azurewebsites.net"
console.warn: LoginRecipes: "getRecipes: falling back to a synchronous message for:" "https://asp-ayoub-h.azurewebsites.net"
JavaScript error: resource://gre/modules/LoginManagerParent.jsm, line 136: TypeError: gRecipeManager is null
1656592072652	Marionette	INFO	Stopped listening on port 43489
Missing chrome or resource URL: resource://gre/modules/UpdateListener.jsm
console.error: "Error during quit-application-granted: [Exception... \"File error: Not found\"  nsresult: \"0x80520012 (NS_ERROR_FILE_NOT_FOUND)\"  location: \"JS frame :: resource:///modules/BrowserGlue.jsm :: _onQuitApplicationGranted/tasks< :: line 1969\"  data: no]"
!!! error running onStopped callback: TypeError: callback is not a function

###!!! [Parent][PImageBridgeParent] Error: RunMessage(msgname=PImageBridge::Msg_WillClose) Channel closing: too late to send/recv, messages will be lost

1656592096738	geckodriver	INFO	Listening on 127.0.0.1:51027
1656592096745	mozrunner::runner	INFO	Running command: "/usr/bin/firefox" "--marionette" "--remote-debugging-port" "44225" "-no-remote" "-profile" "/tmp/rust_mozprofilepqvG1j"
ATTENTION: default value of option mesa_glthread overridden by environment.
ATTENTION: default value of option mesa_glthread overridden by environment.
ATTENTION: default value of option mesa_glthread overridden by environment.
ATTENTION: default value of option mesa_glthread overridden by environment.
1656592097838	Marionette	INFO	Marionette enabled
WebDriver BiDi listening on ws://localhost:44225
console.warn: SearchSettings: "get: No settings file exists, new profile?" (new NotFoundError("Could not open the file at /tmp/rust_mozprofilepqvG1j/search.json.mozlz4", (void 0)))
Missing chrome or resource URL: resource://gre/modules/UpdateListener.jsm
1656592099727	Marionette	INFO	Listening on port 41161
DevTools listening on ws://localhost:44225/devtools/browser/74ffbd45-b7bf-48d0-b4a8-dd43aa76627a
1656592099789	RemoteAgent	WARN	TLS certificate errors will be ignored for this session
console.warn: LoginRecipes: "getRecipes: falling back to a synchronous message for:" "https://asp-ayoub-h.azurewebsites.net"
console.warn: LoginRecipes: "getRecipes: falling back to a synchronous message for:" "https://asp-ayoub-h.azurewebsites.net"
JavaScript error: resource://gre/modules/LoginManagerParent.jsm, line 136: TypeError: gRecipeManager is null
1656592105037	Marionette	INFO	Stopped listening on port 41161
Missing chrome or resource URL: resource://gre/modules/UpdateListener.jsm
console.error: "Error during quit-application-granted: [Exception... \"File error: Not found\"  nsresult: \"0x80520012 (NS_ERROR_FILE_NOT_FOUND)\"  location: \"JS frame :: resource:///modules/BrowserGlue.jsm :: _onQuitApplicationGranted/tasks< :: line 1969\"  data: no]"

###!!! [Parent][PImageBridgeParent] Error: RunMessage(msgname=PImageBridge::Msg_WillClose) Channel closing: too late to send/recv, messages will be lost

Sandbox: Unexpected EOF, op 0 flags 00 path /proc/cpuinfo
JavaScript error: resource://gre/modules/AsyncShutdown.jsm, line 575: NotFoundError: No such JSWindowActor 'DevToolsFrame'
Missing chrome or resource URL: resource://gre/modules/UpdateListener.jsm
console.error: "Error during quit-application-granted: [Exception... \"File error: Not found\"  nsresult: \"0x80520012 (NS_ERROR_FILE_NOT_FOUND)\"  location: \"JS frame :: resource:///modules/BrowserGlue.jsm :: _onQuitApplicationGranted/tasks< :: line 1969\"  data: no]"
1656592175133	Marionette	INFO	Stopped listening on port 45549

###!!! [Parent][PImageBridgeParent] Error: RunMessage(msgname=PImageBridge::Msg_WillClose) Channel closing: too late to send/recv, messages will be lost

1656592198357	geckodriver	INFO	Listening on 127.0.0.1:33141
1656592198364	mozrunner::runner	INFO	Running command: "/usr/bin/firefox" "--marionette" "--remote-debugging-port" "36221" "-no-remote" "-profile" "/tmp/rust_mozprofileGrxlOO"
ATTENTION: default value of option mesa_glthread overridden by environment.
ATTENTION: default value of option mesa_glthread overridden by environment.
ATTENTION: default value of option mesa_glthread overridden by environment.
ATTENTION: default value of option mesa_glthread overridden by environment.
1656592199437	Marionette	INFO	Marionette enabled
WebDriver BiDi listening on ws://localhost:36221
console.warn: SearchSettings: "get: No settings file exists, new profile?" (new NotFoundError("Could not open the file at /tmp/rust_mozprofileGrxlOO/search.json.mozlz4", (void 0)))
Missing chrome or resource URL: resource://gre/modules/UpdateListener.jsm
1656592201107	Marionette	INFO	Listening on port 33661
DevTools listening on ws://localhost:36221/devtools/browser/79b1ce6c-6290-49c1-a375-e779ce01c3db
1656592201219	RemoteAgent	WARN	TLS certificate errors will be ignored for this session
console.warn: LoginRecipes: "getRecipes: falling back to a synchronous message for:" "https://asp-ayoub-h.azurewebsites.net"
console.warn: LoginRecipes: "getRecipes: falling back to a synchronous message for:" "https://asp-ayoub-h.azurewebsites.net"
JavaScript error: resource://gre/modules/LoginManagerParent.jsm, line 136: TypeError: gRecipeManager is null
1656592206578	Marionette	INFO	Stopped listening on port 33661
Missing chrome or resource URL: resource://gre/modules/UpdateListener.jsm
console.error: "Error during quit-application-granted: [Exception... \"File error: Not found\"  nsresult: \"0x80520012 (NS_ERROR_FILE_NOT_FOUND)\"  location: \"JS frame :: resource:///modules/BrowserGlue.jsm :: _onQuitApplicationGranted/tasks< :: line 1969\"  data: no]"

###!!! [Parent][PImageBridgeParent] Error: RunMessage(msgname=PImageBridge::Msg_WillClose) Channel closing: too late to send/recv, messages will be lost

1656592243430	geckodriver	INFO	Listening on 127.0.0.1:59177
1656592243947	mozrunner::runner	INFO	Running command: "/usr/bin/firefox" "--marionette" "--remote-debugging-port" "56641" "-no-remote" "-profile" "/tmp/rust_mozprofileSvQr64"
ATTENTION: default value of option mesa_glthread overridden by environment.
ATTENTION: default value of option mesa_glthread overridden by environment.
ATTENTION: default value of option mesa_glthread overridden by environment.
ATTENTION: default value of option mesa_glthread overridden by environment.
1656592245074	Marionette	INFO	Marionette enabled
WebDriver BiDi listening on ws://localhost:56641
console.warn: SearchSettings: "get: No settings file exists, new profile?" (new NotFoundError("Could not open the file at /tmp/rust_mozprofileSvQr64/search.json.mozlz4", (void 0)))
Missing chrome or resource URL: resource://gre/modules/UpdateListener.jsm
1656592246778	Marionette	INFO	Listening on port 43745
DevTools listening on ws://localhost:56641/devtools/browser/4fcd2c87-219b-473d-bffe-45dd6ccbb784
1656592246886	RemoteAgent	WARN	TLS certificate errors will be ignored for this session
console.warn: LoginRecipes: "getRecipes: falling back to a synchronous message for:" "https://asp-ayoub-h.azurewebsites.net"
console.warn: LoginRecipes: "getRecipes: falling back to a synchronous message for:" "https://asp-ayoub-h.azurewebsites.net"
JavaScript error: resource://gre/modules/LoginManagerParent.jsm, line 136: TypeError: gRecipeManager is null
1656592252067	Marionette	INFO	Stopped listening on port 43745
Missing chrome or resource URL: resource://gre/modules/UpdateListener.jsm
console.error: "Error during quit-application-granted: [Exception... \"File error: Not found\"  nsresult: \"0x80520012 (NS_ERROR_FILE_NOT_FOUND)\"  location: \"JS frame :: resource:///modules/BrowserGlue.jsm :: _onQuitApplicationGranted/tasks< :: line 1969\"  data: no]"

###!!! [Parent][PImageBridgeParent] Error: RunMessage(msgname=PImageBridge::Msg_WillClose) Channel closing: too late to send/recv, messages will be lost

1656592384646	geckodriver	INFO	Listening on 127.0.0.1:36819
1656592384653	mozrunner::runner	INFO	Running command: "/usr/bin/firefox" "--marionette" "--remote-debugging-port" "46631" "-no-remote" "-profile" "/tmp/rust_mozprofilejhBEqq"
ATTENTION: default value of option mesa_glthread overridden by environment.
ATTENTION: default value of option mesa_glthread overridden by environment.
ATTENTION: default value of option mesa_glthread overridden by environment.
ATTENTION: default value of option mesa_glthread overridden by environment.
1656592385709	Marionette	INFO	Marionette enabled
WebDriver BiDi listening on ws://localhost:46631
console.warn: SearchSettings: "get: No settings file exists, new profile?" (new NotFoundError("Could not open the file at /tmp/rust_mozprofilejhBEqq/search.json.mozlz4", (void 0)))
Missing chrome or resource URL: resource://gre/modules/UpdateListener.jsm
1656592387393	Marionette	INFO	Listening on port 37313
DevTools listening on ws://localhost:46631/devtools/browser/979298fd-50d1-4848-a8c1-ff43486361fb
1656592387484	RemoteAgent	WARN	TLS certificate errors will be ignored for this session
1656592435687	geckodriver	INFO	Listening on 127.0.0.1:52219
1656592435700	mozrunner::runner	INFO	Running command: "/usr/bin/firefox" "--marionette" "--remote-debugging-port" "60441" "-no-remote" "-profile" "/tmp/rust_mozprofile2Yv9rP"
ATTENTION: default value of option mesa_glthread overridden by environment.
ATTENTION: default value of option mesa_glthread overridden by environment.
ATTENTION: default value of option mesa_glthread overridden by environment.
ATTENTION: default value of option mesa_glthread overridden by environment.
1656592436752	Marionette	INFO	Marionette enabled
WebDriver BiDi listening on ws://localhost:60441
console.warn: SearchSettings: "get: No settings file exists, new profile?" (new NotFoundError("Could not open the file at /tmp/rust_mozprofile2Yv9rP/search.json.mozlz4", (void 0)))
Missing chrome or resource URL: resource://gre/modules/UpdateListener.jsm
1656592438524	Marionette	INFO	Listening on port 41847
DevTools listening on ws://localhost:60441/devtools/browser/d8638dba-6823-4e8c-8a63-42726325127e
1656592438649	RemoteAgent	WARN	TLS certificate errors will be ignored for this session
1656592702337	geckodriver	INFO	Listening on 127.0.0.1:44691
1656592702357	mozrunner::runner	INFO	Running command: "/usr/bin/firefox" "--marionette" "--remote-debugging-port" "34463" "-no-remote" "-profile" "/tmp/rust_mozprofilekTNiwb"
ATTENTION: default value of option mesa_glthread overridden by environment.
ATTENTION: default value of option mesa_glthread overridden by environment.
ATTENTION: default value of option mesa_glthread overridden by environment.
ATTENTION: default value of option mesa_glthread overridden by environment.
1656592703655	Marionette	INFO	Marionette enabled
WebDriver BiDi listening on ws://localhost:34463
console.warn: SearchSettings: "get: No settings file exists, new profile?" (new NotFoundError("Could not open the file at /tmp/rust_mozprofilekTNiwb/search.json.mozlz4", (void 0)))
Missing chrome or resource URL: resource://gre/modules/UpdateListener.jsm
1656592705440	Marionette	INFO	Listening on port 42615
DevTools listening on ws://localhost:34463/devtools/browser/3a248d66-cdf1-471f-ac00-fac32c5917ff
1656592705489	RemoteAgent	WARN	TLS certificate errors will be ignored for this session
1656592742825	geckodriver	INFO	Listening on 127.0.0.1:59315
1656592742833	mozrunner::runner	INFO	Running command: "/usr/bin/firefox" "--marionette" "--remote-debugging-port" "52827" "-no-remote" "-profile" "/tmp/rust_mozprofileX8lWEJ"
ATTENTION: default value of option mesa_glthread overridden by environment.
ATTENTION: default value of option mesa_glthread overridden by environment.
ATTENTION: default value of option mesa_glthread overridden by environment.
ATTENTION: default value of option mesa_glthread overridden by environment.
1656592743883	Marionette	INFO	Marionette enabled
WebDriver BiDi listening on ws://localhost:52827
console.warn: SearchSettings: "get: No settings file exists, new profile?" (new NotFoundError("Could not open the file at /tmp/rust_mozprofileX8lWEJ/search.json.mozlz4", (void 0)))
Missing chrome or resource URL: resource://gre/modules/UpdateListener.jsm
1656592745638	Marionette	INFO	Listening on port 33117
1656592745664	RemoteAgent	WARN	TLS certificate errors will be ignored for this session
DevTools listening on ws://localhost:52827/devtools/browser/acd45640-cb1b-44ae-968e-d05460bd2e4a
Missing chrome or resource URL: resource://gre/modules/UpdateListener.jsm
console.error: "Error during quit-application-granted: [Exception... \"File error: Not found\"  nsresult: \"0x80520012 (NS_ERROR_FILE_NOT_FOUND)\"  location: \"JS frame :: resource:///modules/BrowserGlue.jsm :: _onQuitApplicationGranted/tasks< :: line 1969\"  data: no]"
1656592748176	Marionette	INFO	Stopped listening on port 33117
console.warn: TopSitesFeed: Failed to fetch data from Contile server: NetworkError when attempting to fetch resource.
Missing chrome or resource URL: resource://gre/modules/UpdateListener.jsm
console.error: "Error during quit-application-granted: [Exception... \"File error: Not found\"  nsresult: \"0x80520012 (NS_ERROR_FILE_NOT_FOUND)\"  location: \"JS frame :: resource:///modules/BrowserGlue.jsm :: _onQuitApplicationGranted/tasks< :: line 1969\"  data: no]"
1656592749398	Marionette	INFO	Stopped listening on port 42615
console.warn: TopSitesFeed: Failed to fetch data from Contile server: NetworkError when attempting to fetch resource.
1656592786113	geckodriver	INFO	Listening on 127.0.0.1:56049
1656592786135	mozrunner::runner	INFO	Running command: "/usr/bin/firefox" "--marionette" "--remote-debugging-port" "40549" "-no-remote" "-profile" "/tmp/rust_mozprofilemrgBUc"
ATTENTION: default value of option mesa_glthread overridden by environment.
ATTENTION: default value of option mesa_glthread overridden by environment.
ATTENTION: default value of option mesa_glthread overridden by environment.
ATTENTION: default value of option mesa_glthread overridden by environment.
1656592789354	Marionette	INFO	Marionette enabled
WebDriver BiDi listening on ws://localhost:40549
console.warn: SearchSettings: "get: No settings file exists, new profile?" (new NotFoundError("Could not open the file at /tmp/rust_mozprofilemrgBUc/search.json.mozlz4", (void 0)))
Missing chrome or resource URL: resource://gre/modules/UpdateListener.jsm
1656592791407	Marionette	INFO	Listening on port 35513
DevTools listening on ws://localhost:40549/devtools/browser/2145b0c4-e731-4708-b19a-da9b28515c60
1656592791479	RemoteAgent	WARN	TLS certificate errors will be ignored for this session
Missing chrome or resource URL: resource://gre/modules/UpdateListener.jsm
console.error: "Error during quit-application-granted: [Exception... \"File error: Not found\"  nsresult: \"0x80520012 (NS_ERROR_FILE_NOT_FOUND)\"  location: \"JS frame :: resource:///modules/BrowserGlue.jsm :: _onQuitApplicationGranted/tasks< :: line 1969\"  data: no]"
1656592813228	Marionette	INFO	Stopped listening on port 35513
console.warn: TopSitesFeed: Failed to fetch data from Contile server: NetworkError when attempting to fetch resource.
Sandbox: Unexpected EOF, op 0 flags 00 path /proc/cpuinfo
1656592816005	geckodriver	INFO	Listening on 127.0.0.1:37077
1656592816016	mozrunner::runner	INFO	Running command: "/usr/bin/firefox" "--marionette" "--remote-debugging-port" "52965" "-no-remote" "-profile" "/tmp/rust_mozprofilenjqWce"
ATTENTION: default value of option mesa_glthread overridden by environment.
ATTENTION: default value of option mesa_glthread overridden by environment.
ATTENTION: default value of option mesa_glthread overridden by environment.
ATTENTION: default value of option mesa_glthread overridden by environment.
1656592817743	Marionette	INFO	Marionette enabled
WebDriver BiDi listening on ws://localhost:52965
console.warn: SearchSettings: "get: No settings file exists, new profile?" (new NotFoundError("Could not open the file at /tmp/rust_mozprofilenjqWce/search.json.mozlz4", (void 0)))
Missing chrome or resource URL: resource://gre/modules/UpdateListener.jsm
1656592821081	Marionette	INFO	Listening on port 39655
DevTools listening on ws://localhost:52965/devtools/browser/137de90d-c210-421a-9542-d5a10657917b
1656592821219	RemoteAgent	WARN	TLS certificate errors will be ignored for this session
console.warn: LoginRecipes: "getRecipes: falling back to a synchronous message for:" "https://asp-ayoub-h.azurewebsites.net"
console.warn: LoginRecipes: "getRecipes: falling back to a synchronous message for:" "https://asp-ayoub-h.azurewebsites.net"
JavaScript error: resource://gre/modules/LoginManagerParent.jsm, line 136: TypeError: gRecipeManager is null
1656592827362	Marionette	INFO	Stopped listening on port 39655
Missing chrome or resource URL: resource://gre/modules/UpdateListener.jsm
console.error: "Error during quit-application-granted: [Exception... \"File error: Not found\"  nsresult: \"0x80520012 (NS_ERROR_FILE_NOT_FOUND)\"  location: \"JS frame :: resource:///modules/BrowserGlue.jsm :: _onQuitApplicationGranted/tasks< :: line 1969\"  data: no]"
1656592838905	geckodriver	INFO	Listening on 127.0.0.1:54739
1656592838913	mozrunner::runner	INFO	Running command: "/usr/bin/firefox" "--marionette" "--remote-debugging-port" "53631" "-no-remote" "-profile" "/tmp/rust_mozprofileZdz297"
ATTENTION: default value of option mesa_glthread overridden by environment.
ATTENTION: default value of option mesa_glthread overridden by environment.
ATTENTION: default value of option mesa_glthread overridden by environment.
ATTENTION: default value of option mesa_glthread overridden by environment.
1656592839982	Marionette	INFO	Marionette enabled
WebDriver BiDi listening on ws://localhost:53631
console.warn: SearchSettings: "get: No settings file exists, new profile?" (new NotFoundError("Could not open the file at /tmp/rust_mozprofileZdz297/search.json.mozlz4", (void 0)))
Missing chrome or resource URL: resource://gre/modules/UpdateListener.jsm
1656592841609	Marionette	INFO	Listening on port 34151
DevTools listening on ws://localhost:53631/devtools/browser/bd1a3931-33c5-4bdd-bb9a-2a3aac5bea30
1656592841635	RemoteAgent	WARN	TLS certificate errors will be ignored for this session
Missing chrome or resource URL: resource://gre/modules/UpdateListener.jsm
console.error: "Error during quit-application-granted: [Exception... \"File error: Not found\"  nsresult: \"0x80520012 (NS_ERROR_FILE_NOT_FOUND)\"  location: \"JS frame :: resource:///modules/BrowserGlue.jsm :: _onQuitApplicationGranted/tasks< :: line 1969\"  data: no]"
1656593213246	Marionette	INFO	Stopped listening on port 34151
console.warn: TopSitesFeed: Failed to fetch data from Contile server: NetworkError when attempting to fetch resource.
Sandbox: Unexpected EOF, op 0 flags 00 path /proc/cpuinfo
1656593251852	geckodriver	INFO	Listening on 127.0.0.1:50943
1656593252345	mozrunner::runner	INFO	Running command: "/usr/bin/firefox" "--marionette" "--remote-debugging-port" "46131" "-no-remote" "-profile" "/tmp/rust_mozprofileW8Tjmj"
ATTENTION: default value of option mesa_glthread overridden by environment.
ATTENTION: default value of option mesa_glthread overridden by environment.
ATTENTION: default value of option mesa_glthread overridden by environment.
ATTENTION: default value of option mesa_glthread overridden by environment.
1656593254329	Marionette	INFO	Marionette enabled
WebDriver BiDi listening on ws://localhost:46131
console.warn: SearchSettings: "get: No settings file exists, new profile?" (new NotFoundError("Could not open the file at /tmp/rust_mozprofileW8Tjmj/search.json.mozlz4", (void 0)))
Missing chrome or resource URL: resource://gre/modules/UpdateListener.jsm
1656593256034	Marionette	INFO	Listening on port 42891
DevTools listening on ws://localhost:46131/devtools/browser/5255371d-df04-4fad-82e1-b502a4600ebc
1656593256078	RemoteAgent	WARN	TLS certificate errors will be ignored for this session
console.warn: LoginRecipes: "getRecipes: falling back to a synchronous message for:" "https://asp-ayoub-h.azurewebsites.net"
console.warn: LoginRecipes: "getRecipes: falling back to a synchronous message for:" "https://asp-ayoub-h.azurewebsites.net"
JavaScript error: resource://gre/modules/LoginManagerParent.jsm, line 136: TypeError: gRecipeManager is null
1656593260577	Marionette	INFO	Stopped listening on port 42891
Missing chrome or resource URL: resource://gre/modules/UpdateListener.jsm
console.error: "Error during quit-application-granted: [Exception... \"File error: Not found\"  nsresult: \"0x80520012 (NS_ERROR_FILE_NOT_FOUND)\"  location: \"JS frame :: resource:///modules/BrowserGlue.jsm :: _onQuitApplicationGranted/tasks< :: line 1969\"  data: no]"

###!!! [Parent][PImageBridgeParent] Error: RunMessage(msgname=PImageBridge::Msg_WillClose) Channel closing: too late to send/recv, messages will be lost

1656593279098	geckodriver	INFO	Listening on 127.0.0.1:33031
1656593279109	mozrunner::runner	INFO	Running command: "/usr/bin/firefox" "--marionette" "--remote-debugging-port" "43441" "-no-remote" "-profile" "/tmp/rust_mozprofileY3dm8Y"
ATTENTION: default value of option mesa_glthread overridden by environment.
ATTENTION: default value of option mesa_glthread overridden by environment.
ATTENTION: default value of option mesa_glthread overridden by environment.
ATTENTION: default value of option mesa_glthread overridden by environment.
1656593280491	Marionette	INFO	Marionette enabled
WebDriver BiDi listening on ws://localhost:43441
console.warn: SearchSettings: "get: No settings file exists, new profile?" (new NotFoundError("Could not open the file at /tmp/rust_mozprofileY3dm8Y/search.json.mozlz4", (void 0)))
Missing chrome or resource URL: resource://gre/modules/UpdateListener.jsm
1656593282716	Marionette	INFO	Listening on port 37409
DevTools listening on ws://localhost:43441/devtools/browser/2674976a-562e-4540-a820-613da844bd9d
1656593282833	RemoteAgent	WARN	TLS certificate errors will be ignored for this session
console.warn: LoginRecipes: "getRecipes: falling back to a synchronous message for:" "https://asp-ayoub-h.azurewebsites.net"
console.warn: LoginRecipes: "getRecipes: falling back to a synchronous message for:" "https://asp-ayoub-h.azurewebsites.net"
JavaScript error: resource://gre/modules/LoginManagerParent.jsm, line 136: TypeError: gRecipeManager is null
1656593288539	Marionette	INFO	Stopped listening on port 37409
Missing chrome or resource URL: resource://gre/modules/UpdateListener.jsm
console.error: "Error during quit-application-granted: [Exception... \"File error: Not found\"  nsresult: \"0x80520012 (NS_ERROR_FILE_NOT_FOUND)\"  location: \"JS frame :: resource:///modules/BrowserGlue.jsm :: _onQuitApplicationGranted/tasks< :: line 1969\"  data: no]"
1656593323365	geckodriver	INFO	Listening on 127.0.0.1:40701
1656593323372	mozrunner::runner	INFO	Running command: "/usr/bin/firefox" "--marionette" "--remote-debugging-port" "58439" "-no-remote" "-profile" "/tmp/rust_mozprofileqAbND8"
ATTENTION: default value of option mesa_glthread overridden by environment.
ATTENTION: default value of option mesa_glthread overridden by environment.
ATTENTION: default value of option mesa_glthread overridden by environment.
ATTENTION: default value of option mesa_glthread overridden by environment.
1656593324746	Marionette	INFO	Marionette enabled
WebDriver BiDi listening on ws://localhost:58439
console.warn: SearchSettings: "get: No settings file exists, new profile?" (new NotFoundError("Could not open the file at /tmp/rust_mozprofileqAbND8/search.json.mozlz4", (void 0)))
Missing chrome or resource URL: resource://gre/modules/UpdateListener.jsm
1656593326370	Marionette	INFO	Listening on port 32849
1656593326404	RemoteAgent	WARN	TLS certificate errors will be ignored for this session
DevTools listening on ws://localhost:58439/devtools/browser/c181b334-edeb-4ede-858e-33f41b195cf6
console.warn: LoginRecipes: "getRecipes: falling back to a synchronous message for:" "https://asp-ayoub-h.azurewebsites.net"
console.warn: LoginRecipes: "getRecipes: falling back to a synchronous message for:" "https://asp-ayoub-h.azurewebsites.net"
JavaScript error: resource://gre/modules/LoginManagerParent.jsm, line 136: TypeError: gRecipeManager is null
1656593331380	Marionette	INFO	Stopped listening on port 32849
Missing chrome or resource URL: resource://gre/modules/UpdateListener.jsm
console.error: "Error during quit-application-granted: [Exception... \"File error: Not found\"  nsresult: \"0x80520012 (NS_ERROR_FILE_NOT_FOUND)\"  location: \"JS frame :: resource:///modules/BrowserGlue.jsm :: _onQuitApplicationGranted/tasks< :: line 1969\"  data: no]"

###!!! [Parent][PImageBridgeParent] Error: RunMessage(msgname=PImageBridge::Msg_WillClose) Channel closing: too late to send/recv, messages will be lost

1656593343815	geckodriver	INFO	Listening on 127.0.0.1:35741
1656593343826	mozrunner::runner	INFO	Running command: "/usr/bin/firefox" "--marionette" "--remote-debugging-port" "50837" "-no-remote" "-profile" "/tmp/rust_mozprofileVyBwya"
ATTENTION: default value of option mesa_glthread overridden by environment.
ATTENTION: default value of option mesa_glthread overridden by environment.
ATTENTION: default value of option mesa_glthread overridden by environment.
ATTENTION: default value of option mesa_glthread overridden by environment.
1656593345034	Marionette	INFO	Marionette enabled
WebDriver BiDi listening on ws://localhost:50837
console.warn: SearchSettings: "get: No settings file exists, new profile?" (new NotFoundError("Could not open the file at /tmp/rust_mozprofileVyBwya/search.json.mozlz4", (void 0)))
Missing chrome or resource URL: resource://gre/modules/UpdateListener.jsm
1656593347964	Marionette	INFO	Listening on port 35185
DevTools listening on ws://localhost:50837/devtools/browser/6c0260ee-e49c-44c8-bbf2-ba3f0bd9e54d
1656593348054	RemoteAgent	WARN	TLS certificate errors will be ignored for this session
console.warn: LoginRecipes: "getRecipes: falling back to a synchronous message for:" "https://asp-ayoub-h.azurewebsites.net"
console.warn: LoginRecipes: "getRecipes: falling back to a synchronous message for:" "https://asp-ayoub-h.azurewebsites.net"
JavaScript error: resource://gre/modules/LoginManagerParent.jsm, line 136: TypeError: gRecipeManager is null
1656593352950	Marionette	INFO	Stopped listening on port 35185
Missing chrome or resource URL: resource://gre/modules/UpdateListener.jsm
console.error: "Error during quit-application-granted: [Exception... \"File error: Not found\"  nsresult: \"0x80520012 (NS_ERROR_FILE_NOT_FOUND)\"  location: \"JS frame :: resource:///modules/BrowserGlue.jsm :: _onQuitApplicationGranted/tasks< :: line 1969\"  data: no]"

###!!! [Parent][PImageBridgeParent] Error: RunMessage(msgname=PImageBridge::Msg_WillClose) Channel closing: too late to send/recv, messages will be lost

